[2026-03-22 22:33:30] start github auto backup
git@github.com: Permission denied (publickey).
fatal: Could not read from remote repository.

Please make sure you have the correct access rights
and the repository exists.
[2026-03-22 22:34:35] start github auto backup
To github.com:ldk00315-jpg/openclaw-mai.git
   8a1cf7e..27b2626  main -> main
pushed to origin/main
[2026-03-23 00:00:03] start github auto backup
To github.com:ldk00315-jpg/openclaw-mai.git
   27b2626..e076aff  main -> main
pushed to origin/main
[2026-03-23 08:00:01] start github auto backup
To github.com:ldk00315-jpg/openclaw-mai.git
   e076aff..7c212f7  main -> main
pushed to origin/main
[2026-03-23 16:00:01] start github auto backup
To github.com:ldk00315-jpg/openclaw-mai.git
   7c212f7..191d503  main -> main
pushed to origin/main
[2026-03-24 08:00:02] start github auto backup
To github.com:ldk00315-jpg/openclaw-mai.git
   36d5c22..ee15e68  main -> main
pushed to origin/main
[2026-03-24 16:00:01] start github auto backup
To github.com:ldk00315-jpg/openclaw-mai.git
   ee15e68..c5d2596  main -> main
pushed to origin/main
[2026-03-25 00:00:02] start github auto backup
To github.com:ldk00315-jpg/openclaw-mai.git
   c5d2596..5b80d85  main -> main
pushed to origin/main
[2026-03-25 08:00:01] start github auto backup
To github.com:ldk00315-jpg/openclaw-mai.git
   5b80d85..22ceb08  main -> main
pushed to origin/main
[2026-03-25 16:00:01] start github auto backup
To github.com:ldk00315-jpg/openclaw-mai.git
   22ceb08..66fffd1  main -> main
pushed to origin/main
[2026-03-26 08:09:51] start github auto backup
[2026-03-26 16:00:01] start github auto backup
fatal: Unable to create '/home/tomoyuki/.openclaw/workspace/.git/index.lock': ファイルが存在します.

Another git process seems to be running in this repository, e.g.
an editor opened by 'git commit'. Please make sure all processes
are terminated then try again. If it still fails, a git process
may have crashed in this repository earlier:
remove the file manually to continue.
[2026-03-27 00:00:02] start github auto backup
fatal: Unable to create '/home/tomoyuki/.openclaw/workspace/.git/index.lock': ファイルが存在します.

Another git process seems to be running in this repository, e.g.
an editor opened by 'git commit'. Please make sure all processes
are terminated then try again. If it still fails, a git process
may have crashed in this repository earlier:
remove the file manually to continue.
[2026-03-27 08:00:01] start github auto backup
fatal: Unable to create '/home/tomoyuki/.openclaw/workspace/.git/index.lock': ファイルが存在します.

Another git process seems to be running in this repository, e.g.
an editor opened by 'git commit'. Please make sure all processes
are terminated then try again. If it still fails, a git process
may have crashed in this repository earlier:
remove the file manually to continue.
[2026-03-27 16:00:01] start github auto backup
fatal: Unable to create '/home/tomoyuki/.openclaw/workspace/.git/index.lock': ファイルが存在します.

Another git process seems to be running in this repository, e.g.
an editor opened by 'git commit'. Please make sure all processes
are terminated then try again. If it still fails, a git process
may have crashed in this repository earlier:
remove the file manually to continue.
[2026-03-28 00:00:02] start github auto backup
fatal: Unable to create '/home/tomoyuki/.openclaw/workspace/.git/index.lock': ファイルが存在します.

Another git process seems to be running in this repository, e.g.
an editor opened by 'git commit'. Please make sure all processes
are terminated then try again. If it still fails, a git process
may have crashed in this repository earlier:
remove the file manually to continue.
[2026-03-28 08:00:01] start github auto backup
fatal: Unable to create '/home/tomoyuki/.openclaw/workspace/.git/index.lock': ファイルが存在します.

Another git process seems to be running in this repository, e.g.
an editor opened by 'git commit'. Please make sure all processes
are terminated then try again. If it still fails, a git process
may have crashed in this repository earlier:
remove the file manually to continue.
[2026-03-28 16:00:01] start github auto backup
fatal: Unable to create '/home/tomoyuki/.openclaw/workspace/.git/index.lock': ファイルが存在します.

Another git process seems to be running in this repository, e.g.
an editor opened by 'git commit'. Please make sure all processes
are terminated then try again. If it still fails, a git process
may have crashed in this repository earlier:
remove the file manually to continue.
[2026-03-29 00:00:02] start github auto backup
fatal: Unable to create '/home/tomoyuki/.openclaw/workspace/.git/index.lock': ファイルが存在します.

Another git process seems to be running in this repository, e.g.
an editor opened by 'git commit'. Please make sure all processes
are terminated then try again. If it still fails, a git process
may have crashed in this repository earlier:
remove the file manually to continue.
[2026-03-29 08:00:01] start github auto backup
fatal: Unable to create '/home/tomoyuki/.openclaw/workspace/.git/index.lock': ファイルが存在します.

Another git process seems to be running in this repository, e.g.
an editor opened by 'git commit'. Please make sure all processes
are terminated then try again. If it still fails, a git process
may have crashed in this repository earlier:
remove the file manually to continue.
[2026-03-29 16:00:01] start github auto backup
To github.com:ldk00315-jpg/openclaw-mai.git
   66fffd1..54c3c58  main -> main
pushed to origin/main
[2026-03-30 00:00:02] start github auto backup
To github.com:ldk00315-jpg/openclaw-mai.git
   54c3c58..972e13f  main -> main
pushed to origin/main
[2026-03-30 08:00:02] start github auto backup
To github.com:ldk00315-jpg/openclaw-mai.git
   972e13f..a450c54  main -> main
pushed to origin/main
[2026-03-30 16:00:01] start github auto backup
To github.com:ldk00315-jpg/openclaw-mai.git
   a450c54..68e2e23  main -> main
pushed to origin/main
[2026-03-31 00:00:02] start github auto backup
To github.com:ldk00315-jpg/openclaw-mai.git
   68e2e23..ed612af  main -> main
pushed to origin/main
[2026-03-31 08:00:01] start github auto backup
To github.com:ldk00315-jpg/openclaw-mai.git
   ed612af..c4e3bef  main -> main
pushed to origin/main
[2026-03-31 16:00:01] start github auto backup
To github.com:ldk00315-jpg/openclaw-mai.git
   c4e3bef..bcf560d  main -> main
pushed to origin/main
[2026-04-01 00:00:02] start github auto backup
To github.com:ldk00315-jpg/openclaw-mai.git
   bcf560d..77cf6ee  main -> main
pushed to origin/main
[2026-04-01 08:00:01] start github auto backup
